<?xml version="1.0" encoding="UTF-8"?>
<testsuite xmlns:xsi="http://www.w3.org/2001/XMLSchema-instance" xsi:noNamespaceSchemaLocation="https://maven.apache.org/surefire/maven-surefire-plugin/xsd/surefire-test-report.xsd" name="com.itheima.Springboot007MavenAndBootProfileApplicationTests" time="4.173" tests="1" errors="0" skipped="0" failures="0">
  <properties>
    <property name="sun.desktop" value="windows"/>
    <property name="awt.toolkit" value="sun.awt.windows.WToolkit"/>
    <property name="file.encoding.pkg" value="sun.io"/>
    <property name="java.specification.version" value="1.8"/>
    <property name="sun.cpu.isalist" value="amd64"/>
    <property name="sun.jnu.encoding" value="GBK"/>
    <property name="java.class.path" value="D:\java\SpringBoot\springboot_007_maven_and_boot_profile\target\test-classes;D:\java\SpringBoot\springboot_007_maven_and_boot_profile\target\classes;D:\apache-maven-3.9.1\mvn_resp\org\springframework\boot\spring-boot-starter-web\2.5.0\spring-boot-starter-web-2.5.0.jar;D:\apache-maven-3.9.1\mvn_resp\org\springframework\boot\spring-boot-starter\2.5.0\spring-boot-starter-2.5.0.jar;D:\apache-maven-3.9.1\mvn_resp\org\springframework\boot\spring-boot\2.5.0\spring-boot-2.5.0.jar;D:\apache-maven-3.9.1\mvn_resp\org\springframework\boot\spring-boot-autoconfigure\2.5.0\spring-boot-autoconfigure-2.5.0.jar;D:\apache-maven-3.9.1\mvn_resp\org\springframework\boot\spring-boot-starter-logging\2.5.0\spring-boot-starter-logging-2.5.0.jar;D:\apache-maven-3.9.1\mvn_resp\ch\qos\logback\logback-classic\1.2.3\logback-classic-1.2.3.jar;D:\apache-maven-3.9.1\mvn_resp\ch\qos\logback\logback-core\1.2.3\logback-core-1.2.3.jar;D:\apache-maven-3.9.1\mvn_resp\org\apache\logging\log4j\log4j-to-slf4j\2.14.1\log4j-to-slf4j-2.14.1.jar;D:\apache-maven-3.9.1\mvn_resp\org\apache\logging\log4j\log4j-api\2.14.1\log4j-api-2.14.1.jar;D:\apache-maven-3.9.1\mvn_resp\org\slf4j\jul-to-slf4j\1.7.30\jul-to-slf4j-1.7.30.jar;D:\apache-maven-3.9.1\mvn_resp\jakarta\annotation\jakarta.annotation-api\1.3.5\jakarta.annotation-api-1.3.5.jar;D:\apache-maven-3.9.1\mvn_resp\org\yaml\snakeyaml\1.28\snakeyaml-1.28.jar;D:\apache-maven-3.9.1\mvn_resp\org\springframework\boot\spring-boot-starter-json\2.5.0\spring-boot-starter-json-2.5.0.jar;D:\apache-maven-3.9.1\mvn_resp\com\fasterxml\jackson\core\jackson-databind\2.12.3\jackson-databind-2.12.3.jar;D:\apache-maven-3.9.1\mvn_resp\com\fasterxml\jackson\core\jackson-annotations\2.12.3\jackson-annotations-2.12.3.jar;D:\apache-maven-3.9.1\mvn_resp\com\fasterxml\jackson\core\jackson-core\2.12.3\jackson-core-2.12.3.jar;D:\apache-maven-3.9.1\mvn_resp\com\fasterxml\jackson\datatype\jackson-datatype-jdk8\2.12.3\jackson-datatype-jdk8-2.12.3.jar;D:\apache-maven-3.9.1\mvn_resp\com\fasterxml\jackson\datatype\jackson-datatype-jsr310\2.12.3\jackson-datatype-jsr310-2.12.3.jar;D:\apache-maven-3.9.1\mvn_resp\com\fasterxml\jackson\module\jackson-module-parameter-names\2.12.3\jackson-module-parameter-names-2.12.3.jar;D:\apache-maven-3.9.1\mvn_resp\org\springframework\boot\spring-boot-starter-tomcat\2.5.0\spring-boot-starter-tomcat-2.5.0.jar;D:\apache-maven-3.9.1\mvn_resp\org\apache\tomcat\embed\tomcat-embed-core\9.0.46\tomcat-embed-core-9.0.46.jar;D:\apache-maven-3.9.1\mvn_resp\org\apache\tomcat\embed\tomcat-embed-el\9.0.46\tomcat-embed-el-9.0.46.jar;D:\apache-maven-3.9.1\mvn_resp\org\apache\tomcat\embed\tomcat-embed-websocket\9.0.46\tomcat-embed-websocket-9.0.46.jar;D:\apache-maven-3.9.1\mvn_resp\org\springframework\spring-web\5.3.7\spring-web-5.3.7.jar;D:\apache-maven-3.9.1\mvn_resp\org\springframework\spring-beans\5.3.7\spring-beans-5.3.7.jar;D:\apache-maven-3.9.1\mvn_resp\org\springframework\spring-webmvc\5.3.7\spring-webmvc-5.3.7.jar;D:\apache-maven-3.9.1\mvn_resp\org\springframework\spring-aop\5.3.7\spring-aop-5.3.7.jar;D:\apache-maven-3.9.1\mvn_resp\org\springframework\spring-context\5.3.7\spring-context-5.3.7.jar;D:\apache-maven-3.9.1\mvn_resp\org\springframework\spring-expression\5.3.7\spring-expression-5.3.7.jar;D:\apache-maven-3.9.1\mvn_resp\org\springframework\boot\spring-boot-starter-test\2.5.0\spring-boot-starter-test-2.5.0.jar;D:\apache-maven-3.9.1\mvn_resp\org\springframework\boot\spring-boot-test\2.5.0\spring-boot-test-2.5.0.jar;D:\apache-maven-3.9.1\mvn_resp\org\springframework\boot\spring-boot-test-autoconfigure\2.5.0\spring-boot-test-autoconfigure-2.5.0.jar;D:\apache-maven-3.9.1\mvn_resp\com\jayway\jsonpath\json-path\2.5.0\json-path-2.5.0.jar;D:\apache-maven-3.9.1\mvn_resp\net\minidev\json-smart\2.4.7\json-smart-2.4.7.jar;D:\apache-maven-3.9.1\mvn_resp\net\minidev\accessors-smart\2.4.7\accessors-smart-2.4.7.jar;D:\apache-maven-3.9.1\mvn_resp\org\ow2\asm\asm\9.1\asm-9.1.jar;D:\apache-maven-3.9.1\mvn_resp\org\slf4j\slf4j-api\1.7.30\slf4j-api-1.7.30.jar;D:\apache-maven-3.9.1\mvn_resp\jakarta\xml\bind\jakarta.xml.bind-api\2.3.3\jakarta.xml.bind-api-2.3.3.jar;D:\apache-maven-3.9.1\mvn_resp\jakarta\activation\jakarta.activation-api\1.2.2\jakarta.activation-api-1.2.2.jar;D:\apache-maven-3.9.1\mvn_resp\org\assertj\assertj-core\3.19.0\assertj-core-3.19.0.jar;D:\apache-maven-3.9.1\mvn_resp\org\hamcrest\hamcrest\2.2\hamcrest-2.2.jar;D:\apache-maven-3.9.1\mvn_resp\org\junit\jupiter\junit-jupiter\5.7.2\junit-jupiter-5.7.2.jar;D:\apache-maven-3.9.1\mvn_resp\org\junit\jupiter\junit-jupiter-api\5.7.2\junit-jupiter-api-5.7.2.jar;D:\apache-maven-3.9.1\mvn_resp\org\apiguardian\apiguardian-api\1.1.0\apiguardian-api-1.1.0.jar;D:\apache-maven-3.9.1\mvn_resp\org\opentest4j\opentest4j\1.2.0\opentest4j-1.2.0.jar;D:\apache-maven-3.9.1\mvn_resp\org\junit\platform\junit-platform-commons\1.7.2\junit-platform-commons-1.7.2.jar;D:\apache-maven-3.9.1\mvn_resp\org\junit\jupiter\junit-jupiter-params\5.7.2\junit-jupiter-params-5.7.2.jar;D:\apache-maven-3.9.1\mvn_resp\org\junit\jupiter\junit-jupiter-engine\5.7.2\junit-jupiter-engine-5.7.2.jar;D:\apache-maven-3.9.1\mvn_resp\org\junit\platform\junit-platform-engine\1.7.2\junit-platform-engine-1.7.2.jar;D:\apache-maven-3.9.1\mvn_resp\org\mockito\mockito-core\3.9.0\mockito-core-3.9.0.jar;D:\apache-maven-3.9.1\mvn_resp\net\bytebuddy\byte-buddy\1.10.22\byte-buddy-1.10.22.jar;D:\apache-maven-3.9.1\mvn_resp\net\bytebuddy\byte-buddy-agent\1.10.22\byte-buddy-agent-1.10.22.jar;D:\apache-maven-3.9.1\mvn_resp\org\objenesis\objenesis\3.2\objenesis-3.2.jar;D:\apache-maven-3.9.1\mvn_resp\org\mockito\mockito-junit-jupiter\3.9.0\mockito-junit-jupiter-3.9.0.jar;D:\apache-maven-3.9.1\mvn_resp\org\skyscreamer\jsonassert\1.5.0\jsonassert-1.5.0.jar;D:\apache-maven-3.9.1\mvn_resp\com\vaadin\external\google\android-json\0.0.20131108.vaadin1\android-json-0.0.20131108.vaadin1.jar;D:\apache-maven-3.9.1\mvn_resp\org\springframework\spring-core\5.3.7\spring-core-5.3.7.jar;D:\apache-maven-3.9.1\mvn_resp\org\springframework\spring-jcl\5.3.7\spring-jcl-5.3.7.jar;D:\apache-maven-3.9.1\mvn_resp\org\springframework\spring-test\5.3.7\spring-test-5.3.7.jar;D:\apache-maven-3.9.1\mvn_resp\org\xmlunit\xmlunit-core\2.8.2\xmlunit-core-2.8.2.jar;"/>
    <property name="java.vm.vendor" value="Oracle Corporation"/>
    <property name="sun.arch.data.model" value="64"/>
    <property name="user.variant" value=""/>
    <property name="java.vendor.url" value="http://java.oracle.com/"/>
    <property name="user.timezone" value="Asia/Shanghai"/>
    <property name="java.vm.specification.version" value="1.8"/>
    <property name="os.name" value="Windows 10"/>
    <property name="user.country" value="CN"/>
    <property name="sun.java.launcher" value="SUN_STANDARD"/>
    <property name="sun.boot.library.path" value="D:\java\jdk-1.8\jre\bin"/>
    <property name="sun.java.command" value="C:\Users\26286\AppData\Local\Temp\surefire3825563967106713162\surefirebooter2249582085423654365.jar C:\Users\26286\AppData\Local\Temp\surefire3825563967106713162 2023-07-05T16-17-12_480-jvmRun1 surefire4295595720907572450tmp surefire_04607766416007061583tmp"/>
    <property name="surefire.test.class.path" value="D:\java\SpringBoot\springboot_007_maven_and_boot_profile\target\test-classes;D:\java\SpringBoot\springboot_007_maven_and_boot_profile\target\classes;D:\apache-maven-3.9.1\mvn_resp\org\springframework\boot\spring-boot-starter-web\2.5.0\spring-boot-starter-web-2.5.0.jar;D:\apache-maven-3.9.1\mvn_resp\org\springframework\boot\spring-boot-starter\2.5.0\spring-boot-starter-2.5.0.jar;D:\apache-maven-3.9.1\mvn_resp\org\springframework\boot\spring-boot\2.5.0\spring-boot-2.5.0.jar;D:\apache-maven-3.9.1\mvn_resp\org\springframework\boot\spring-boot-autoconfigure\2.5.0\spring-boot-autoconfigure-2.5.0.jar;D:\apache-maven-3.9.1\mvn_resp\org\springframework\boot\spring-boot-starter-logging\2.5.0\spring-boot-starter-logging-2.5.0.jar;D:\apache-maven-3.9.1\mvn_resp\ch\qos\logback\logback-classic\1.2.3\logback-classic-1.2.3.jar;D:\apache-maven-3.9.1\mvn_resp\ch\qos\logback\logback-core\1.2.3\logback-core-1.2.3.jar;D:\apache-maven-3.9.1\mvn_resp\org\apache\logging\log4j\log4j-to-slf4j\2.14.1\log4j-to-slf4j-2.14.1.jar;D:\apache-maven-3.9.1\mvn_resp\org\apache\logging\log4j\log4j-api\2.14.1\log4j-api-2.14.1.jar;D:\apache-maven-3.9.1\mvn_resp\org\slf4j\jul-to-slf4j\1.7.30\jul-to-slf4j-1.7.30.jar;D:\apache-maven-3.9.1\mvn_resp\jakarta\annotation\jakarta.annotation-api\1.3.5\jakarta.annotation-api-1.3.5.jar;D:\apache-maven-3.9.1\mvn_resp\org\yaml\snakeyaml\1.28\snakeyaml-1.28.jar;D:\apache-maven-3.9.1\mvn_resp\org\springframework\boot\spring-boot-starter-json\2.5.0\spring-boot-starter-json-2.5.0.jar;D:\apache-maven-3.9.1\mvn_resp\com\fasterxml\jackson\core\jackson-databind\2.12.3\jackson-databind-2.12.3.jar;D:\apache-maven-3.9.1\mvn_resp\com\fasterxml\jackson\core\jackson-annotations\2.12.3\jackson-annotations-2.12.3.jar;D:\apache-maven-3.9.1\mvn_resp\com\fasterxml\jackson\core\jackson-core\2.12.3\jackson-core-2.12.3.jar;D:\apache-maven-3.9.1\mvn_resp\com\fasterxml\jackson\datatype\jackson-datatype-jdk8\2.12.3\jackson-datatype-jdk8-2.12.3.jar;D:\apache-maven-3.9.1\mvn_resp\com\fasterxml\jackson\datatype\jackson-datatype-jsr310\2.12.3\jackson-datatype-jsr310-2.12.3.jar;D:\apache-maven-3.9.1\mvn_resp\com\fasterxml\jackson\module\jackson-module-parameter-names\2.12.3\jackson-module-parameter-names-2.12.3.jar;D:\apache-maven-3.9.1\mvn_resp\org\springframework\boot\spring-boot-starter-tomcat\2.5.0\spring-boot-starter-tomcat-2.5.0.jar;D:\apache-maven-3.9.1\mvn_resp\org\apache\tomcat\embed\tomcat-embed-core\9.0.46\tomcat-embed-core-9.0.46.jar;D:\apache-maven-3.9.1\mvn_resp\org\apache\tomcat\embed\tomcat-embed-el\9.0.46\tomcat-embed-el-9.0.46.jar;D:\apache-maven-3.9.1\mvn_resp\org\apache\tomcat\embed\tomcat-embed-websocket\9.0.46\tomcat-embed-websocket-9.0.46.jar;D:\apache-maven-3.9.1\mvn_resp\org\springframework\spring-web\5.3.7\spring-web-5.3.7.jar;D:\apache-maven-3.9.1\mvn_resp\org\springframework\spring-beans\5.3.7\spring-beans-5.3.7.jar;D:\apache-maven-3.9.1\mvn_resp\org\springframework\spring-webmvc\5.3.7\spring-webmvc-5.3.7.jar;D:\apache-maven-3.9.1\mvn_resp\org\springframework\spring-aop\5.3.7\spring-aop-5.3.7.jar;D:\apache-maven-3.9.1\mvn_resp\org\springframework\spring-context\5.3.7\spring-context-5.3.7.jar;D:\apache-maven-3.9.1\mvn_resp\org\springframework\spring-expression\5.3.7\spring-expression-5.3.7.jar;D:\apache-maven-3.9.1\mvn_resp\org\springframework\boot\spring-boot-starter-test\2.5.0\spring-boot-starter-test-2.5.0.jar;D:\apache-maven-3.9.1\mvn_resp\org\springframework\boot\spring-boot-test\2.5.0\spring-boot-test-2.5.0.jar;D:\apache-maven-3.9.1\mvn_resp\org\springframework\boot\spring-boot-test-autoconfigure\2.5.0\spring-boot-test-autoconfigure-2.5.0.jar;D:\apache-maven-3.9.1\mvn_resp\com\jayway\jsonpath\json-path\2.5.0\json-path-2.5.0.jar;D:\apache-maven-3.9.1\mvn_resp\net\minidev\json-smart\2.4.7\json-smart-2.4.7.jar;D:\apache-maven-3.9.1\mvn_resp\net\minidev\accessors-smart\2.4.7\accessors-smart-2.4.7.jar;D:\apache-maven-3.9.1\mvn_resp\org\ow2\asm\asm\9.1\asm-9.1.jar;D:\apache-maven-3.9.1\mvn_resp\org\slf4j\slf4j-api\1.7.30\slf4j-api-1.7.30.jar;D:\apache-maven-3.9.1\mvn_resp\jakarta\xml\bind\jakarta.xml.bind-api\2.3.3\jakarta.xml.bind-api-2.3.3.jar;D:\apache-maven-3.9.1\mvn_resp\jakarta\activation\jakarta.activation-api\1.2.2\jakarta.activation-api-1.2.2.jar;D:\apache-maven-3.9.1\mvn_resp\org\assertj\assertj-core\3.19.0\assertj-core-3.19.0.jar;D:\apache-maven-3.9.1\mvn_resp\org\hamcrest\hamcrest\2.2\hamcrest-2.2.jar;D:\apache-maven-3.9.1\mvn_resp\org\junit\jupiter\junit-jupiter\5.7.2\junit-jupiter-5.7.2.jar;D:\apache-maven-3.9.1\mvn_resp\org\junit\jupiter\junit-jupiter-api\5.7.2\junit-jupiter-api-5.7.2.jar;D:\apache-maven-3.9.1\mvn_resp\org\apiguardian\apiguardian-api\1.1.0\apiguardian-api-1.1.0.jar;D:\apache-maven-3.9.1\mvn_resp\org\opentest4j\opentest4j\1.2.0\opentest4j-1.2.0.jar;D:\apache-maven-3.9.1\mvn_resp\org\junit\platform\junit-platform-commons\1.7.2\junit-platform-commons-1.7.2.jar;D:\apache-maven-3.9.1\mvn_resp\org\junit\jupiter\junit-jupiter-params\5.7.2\junit-jupiter-params-5.7.2.jar;D:\apache-maven-3.9.1\mvn_resp\org\junit\jupiter\junit-jupiter-engine\5.7.2\junit-jupiter-engine-5.7.2.jar;D:\apache-maven-3.9.1\mvn_resp\org\junit\platform\junit-platform-engine\1.7.2\junit-platform-engine-1.7.2.jar;D:\apache-maven-3.9.1\mvn_resp\org\mockito\mockito-core\3.9.0\mockito-core-3.9.0.jar;D:\apache-maven-3.9.1\mvn_resp\net\bytebuddy\byte-buddy\1.10.22\byte-buddy-1.10.22.jar;D:\apache-maven-3.9.1\mvn_resp\net\bytebuddy\byte-buddy-agent\1.10.22\byte-buddy-agent-1.10.22.jar;D:\apache-maven-3.9.1\mvn_resp\org\objenesis\objenesis\3.2\objenesis-3.2.jar;D:\apache-maven-3.9.1\mvn_resp\org\mockito\mockito-junit-jupiter\3.9.0\mockito-junit-jupiter-3.9.0.jar;D:\apache-maven-3.9.1\mvn_resp\org\skyscreamer\jsonassert\1.5.0\jsonassert-1.5.0.jar;D:\apache-maven-3.9.1\mvn_resp\com\vaadin\external\google\android-json\0.0.20131108.vaadin1\android-json-0.0.20131108.vaadin1.jar;D:\apache-maven-3.9.1\mvn_resp\org\springframework\spring-core\5.3.7\spring-core-5.3.7.jar;D:\apache-maven-3.9.1\mvn_resp\org\springframework\spring-jcl\5.3.7\spring-jcl-5.3.7.jar;D:\apache-maven-3.9.1\mvn_resp\org\springframework\spring-test\5.3.7\spring-test-5.3.7.jar;D:\apache-maven-3.9.1\mvn_resp\org\xmlunit\xmlunit-core\2.8.2\xmlunit-core-2.8.2.jar;"/>
    <property name="sun.cpu.endian" value="little"/>
    <property name="user.home" value="C:\Users\26286"/>
    <property name="user.language" value="zh"/>
    <property name="java.specification.vendor" value="Oracle Corporation"/>
    <property name="java.home" value="D:\java\jdk-1.8\jre"/>
    <property name="basedir" value="D:\java\SpringBoot\springboot_007_maven_and_boot_profile"/>
    <property name="file.separator" value="\"/>
    <property name="line.separator" value="&#10;"/>
    <property name="java.vm.specification.vendor" value="Oracle Corporation"/>
    <property name="java.specification.name" value="Java Platform API Specification"/>
    <property name="java.awt.graphicsenv" value="sun.awt.Win32GraphicsEnvironment"/>
    <property name="surefire.real.class.path" value="C:\Users\26286\AppData\Local\Temp\surefire3825563967106713162\surefirebooter2249582085423654365.jar"/>
    <property name="sun.boot.class.path" value="D:\java\jdk-1.8\jre\lib\resources.jar;D:\java\jdk-1.8\jre\lib\rt.jar;D:\java\jdk-1.8\jre\lib\jsse.jar;D:\java\jdk-1.8\jre\lib\jce.jar;D:\java\jdk-1.8\jre\lib\charsets.jar;D:\java\jdk-1.8\jre\lib\jfr.jar;D:\java\jdk-1.8\jre\classes"/>
    <property name="user.script" value=""/>
    <property name="sun.management.compiler" value="HotSpot 64-Bit Tiered Compilers"/>
    <property name="java.runtime.version" value="1.8.0_371-b11"/>
    <property name="user.name" value="26286"/>
    <property name="path.separator" value=";"/>
    <property name="os.version" value="10.0"/>
    <property name="java.endorsed.dirs" value="D:\java\jdk-1.8\jre\lib\endorsed"/>
    <property name="java.runtime.name" value="Java(TM) SE Runtime Environment"/>
    <property name="file.encoding" value="GBK"/>
    <property name="java.vm.name" value="Java HotSpot(TM) 64-Bit Server VM"/>
    <property name="localRepository" value="D:\apache-maven-3.9.1\mvn_resp"/>
    <property name="java.vendor.url.bug" value="http://bugreport.sun.com/bugreport/"/>
    <property name="java.io.tmpdir" value="C:\Users\26286\AppData\Local\Temp\"/>
    <property name="idea.version" value="2022.1.2"/>
    <property name="java.version" value="1.8.0_371"/>
    <property name="user.dir" value="D:\java\SpringBoot\springboot_007_maven_and_boot_profile"/>
    <property name="os.arch" value="amd64"/>
    <property name="java.vm.specification.name" value="Java Virtual Machine Specification"/>
    <property name="java.awt.printerjob" value="sun.awt.windows.WPrinterJob"/>
    <property name="sun.os.patch.level" value=""/>
    <property name="java.library.path" value="D:\java\jdk-1.8\jre\bin;C:\Windows\Sun\Java\bin;C:\Windows\system32;C:\Windows;C:\Program Files\Common Files\Oracle\Java\javapath;C:\Program Files (x86)\Common Files\Oracle\Java\javapath;D:\VMware\VMware Workstation\bin\;D:\mingw\bin;C:\Windows\system32;C:\Windows;C:\Windows\System32\Wbem;C:\Windows\System32\WindowsPowerShell\v1.0\;C:\Windows\System32\OpenSSH\;C:\Program Files (x86)\Windows Kits\8.1\Windows Performance Toolkit\;D:\Git\cmd;D:\Qt\Qt5.14.2\5.14.2\mingw73_32\bin;D:\MySQL\MySQL Server 5.5\bin;D:\golandProject\bin;D:\protoc-21.5-win64\bin;C:\Windows\System32\cmd.exe;D:\consul\consul1.10.10;C:\Program Files\Docker\Docker\resources\bin;C:\ProgramData\DockerDesktop\version-bin;D:\GOSDK_zip\go1.18.5\bin;D:\Redis_windows;C:\Program Files (x86)\NetSarang\Xshell 7\;C:\Program Files\wkhtmltopdf\bin;C:\Program Files\wkhtmltopdf;C:\Program Files\MySQL\MySQL Server 8.0\bin;% MAVEN_HOME%\bin;D:\apache-maven-3.9.1\bin;C:\Program Files\MySQL\MySQL Shell 8.0\bin\;D:\anaconda3;D:\anaconda3\Library\mingw-w64\bin;D:\anaconda3\Library\usr\bin;D:\anaconda3\Library\bin;D:\anaconda3\Scripts;D:\Python\Python310\Scripts\;D:\Python\Python310\;C:\Users\26286\AppData\Local\Microsoft\WindowsApps;D:\GoSDK\go1.15.15\bin;D:\PyCharm Community Edition 2022.2\bin;;D:\IntelliJ IDEA 2022.1.2\bin;;C:\Users\26286\AppData\Local\Programs\Microsoft VS Code\bin;D:\GoLand 2022.2.2\bin;;D:\Fiddler;."/>
    <property name="java.vm.info" value="mixed mode"/>
    <property name="java.vendor" value="Oracle Corporation"/>
    <property name="java.vm.version" value="25.371-b11"/>
    <property name="java.specification.maintenance.version" value="4"/>
    <property name="java.ext.dirs" value="D:\java\jdk-1.8\jre\lib\ext;C:\Windows\Sun\Java\lib\ext"/>
    <property name="sun.io.unicode.encoding" value="UnicodeLittle"/>
    <property name="java.class.version" value="52.0"/>
  </properties>
  <testcase name="contextLoads" classname="com.itheima.Springboot007MavenAndBootProfileApplicationTests" time="0.27"/>
</testsuite>